<?xml version="1.0" encoding="UTF-8"?>
<!-- Generated by org.testng.reporters.JUnitXMLReporter -->
<testsuite ignored="1" hostname="JATIN" failures="0" tests="1" name="Default test" time="2.743" errors="0" timestamp="2025-06-23T22:12:46 EDT">
  <testcase classname="testcases.CustomerRegistrationTests" name="newCustomerRegTest" time="0.609"/>
  <testcase classname="testcases.CustomerRegistrationTests" name="newCustomerRegTest2" time="0.0">
    <ignored/>
  </testcase> <!-- newCustomerRegTest2 -->
</testsuite> <!-- Default test -->
