<?xml version="1.0" encoding="UTF-8"?>
<testng-results ignored="0" total="1" passed="1" failed="0" skipped="0">
  <reporter-output>
  </reporter-output>
  <suite started-at="2025-06-24T09:16:21 MDT" name="Default suite" finished-at="2025-06-24T09:16:26 MDT" duration-ms="4953">
    <groups>
    </groups>
    <test started-at="2025-06-24T09:16:21 MDT" name="Default test" finished-at="2025-06-24T09:16:26 MDT" duration-ms="4953">
      <class name="testcases.ContactPageTest">
        <test-method is-config="true" signature="init()[pri:0, instance:testcases.ContactPageTest@7b98f307]" started-at="2025-06-24T09:16:21 MDT" name="init" finished-at="2025-06-24T09:16:21 MDT" duration-ms="226" status="PASS">
          <reporter-output>
          </reporter-output>
        </test-method> <!-- init -->
        <test-method is-config="true" signature="initBrowserDriver(java.lang.reflect.Method)[pri:0, instance:testcases.ContactPageTest@7b98f307]" started-at="2025-06-24T09:16:21 MDT" name="initBrowserDriver" finished-at="2025-06-24T09:16:23 MDT" duration-ms="2536" status="PASS">
          <params>
            <param index="0">
              <value>
                <![CDATA[public void testcases.ContactPageTest.contactFormSubmissionTest()]]>
              </value>
            </param>
          </params>
          <reporter-output>
          </reporter-output>
        </test-method> <!-- initBrowserDriver -->
        <test-method signature="contactFormSubmissionTest()[pri:0, instance:testcases.ContactPageTest@7b98f307]" started-at="2025-06-24T09:16:23 MDT" name="contactFormSubmissionTest" finished-at="2025-06-24T09:16:26 MDT" duration-ms="2196" status="PASS">
          <reporter-output>
          </reporter-output>
        </test-method> <!-- contactFormSubmissionTest -->
        <test-method is-config="true" signature="endTest(org.testng.ITestResult)[pri:0, instance:testcases.ContactPageTest@7b98f307]" started-at="2025-06-24T09:16:26 MDT" name="endTest" finished-at="2025-06-24T09:16:26 MDT" duration-ms="200" status="PASS">
          <params>
            <param index="0">
              <value>
                <![CDATA[[TestResult name=contactFormSubmissionTest status=SUCCESS method=ContactPageTest.contactFormSubmissionTest()[pri:0, instance:testcases.ContactPageTest@7b98f307] output={null}]]]>
              </value>
            </param>
          </params>
          <reporter-output>
          </reporter-output>
        </test-method> <!-- endTest -->
        <test-method is-config="true" signature="tearDown()[pri:0, instance:testcases.ContactPageTest@7b98f307]" started-at="2025-06-24T09:16:26 MDT" name="tearDown" finished-at="2025-06-24T09:16:26 MDT" duration-ms="203" status="PASS">
          <reporter-output>
          </reporter-output>
        </test-method> <!-- tearDown -->
      </class> <!-- testcases.ContactPageTest -->
    </test> <!-- Default test -->
  </suite> <!-- Default suite -->
</testng-results>
